<?xml version="1.0" encoding="UTF-8"?>
<robot generator="Robot 7.2.2 (Python 3.13.2 on win32)" generated="2025-03-10T10:17:26.131604" rpa="false" schemaversion="5">
<suite id="s1" name="Cadastro Sem Termos" source="c:\Users\othavionogueira\Desktop\desafio\test\cadastro_sem_termos.robot">
<test id="s1-t1" name="Cadastro sem aceitação dos termos" line="17">
<kw name="Dado que o usuário acessa a página de cadastro">
<kw name="Open Browser" owner="SeleniumLibrary">
<msg time="2025-03-10T10:17:26.414907" level="INFO">Opening browser 'Chrome' to base url 'https://desafio-equipe.vercel.app/'.</msg>
<arg>${URL}</arg>
<arg>${BROWSER}</arg>
<doc>Opens a new browser instance to the optional ``url``.</doc>
<status status="PASS" start="2025-03-10T10:17:26.414582" elapsed="1.995316"/>
</kw>
<kw name="Maximize Browser Window" owner="SeleniumLibrary">
<doc>Maximizes current browser window.</doc>
<status status="PASS" start="2025-03-10T10:17:28.410225" elapsed="0.031206"/>
</kw>
<status status="PASS" start="2025-03-10T10:17:26.413631" elapsed="2.028338"/>
</kw>
<kw name="E preenche o formulário de cadastro corretamente sem aceitar os termos">
<kw name="Input Text" owner="SeleniumLibrary">
<msg time="2025-03-10T10:17:28.446344" level="INFO">Typing text 'Othávio Lara' into text field 'id=nome'.</msg>
<arg>${NOME_COMPLETO}</arg>
<arg>Othávio Lara</arg>
<doc>Types the given ``text`` into the text field identified by ``locator``.</doc>
<status status="PASS" start="2025-03-10T10:17:28.445301" elapsed="0.133483"/>
</kw>
<kw name="Input Text" owner="SeleniumLibrary">
<msg time="2025-03-10T10:17:28.579747" level="INFO">Typing text '05-02-2003' into text field 'xpath=//*[@id="dataNascimento"]'.</msg>
<arg>${DATA_NASCIMENTO}</arg>
<arg>05-02-2003</arg>
<doc>Types the given ``text`` into the text field identified by ``locator``.</doc>
<status status="PASS" start="2025-03-10T10:17:28.579156" elapsed="0.096546"/>
</kw>
<kw name="Wait Until Element Is Visible" owner="SeleniumLibrary">
<arg>${IMPRESSAO_DIGITAL}</arg>
<arg>timeout=10s</arg>
<doc>Waits until the element ``locator`` is visible.</doc>
<status status="PASS" start="2025-03-10T10:17:28.676211" elapsed="0.032672"/>
</kw>
<kw name="Click Element" owner="SeleniumLibrary">
<msg time="2025-03-10T10:17:28.709714" level="INFO">Clicking element 'xpath=//*[@id="impressao-digital"]'.</msg>
<arg>${IMPRESSAO_DIGITAL}</arg>
<doc>Click the element identified by ``locator``.</doc>
<status status="PASS" start="2025-03-10T10:17:28.709240" elapsed="0.083429"/>
</kw>
<kw name="Sleep" owner="BuiltIn">
<msg time="2025-03-10T10:17:30.793654" level="INFO">Slept 2 seconds.</msg>
<arg>2s</arg>
<doc>Pauses the test executed for the given time.</doc>
<status status="PASS" start="2025-03-10T10:17:28.793048" elapsed="2.001097"/>
</kw>
<kw name="Wait Until Element Is Visible" owner="SeleniumLibrary">
<arg>${PREFERENCIAS_NAVEGACAO}</arg>
<arg>timeout=15s</arg>
<doc>Waits until the element ``locator`` is visible.</doc>
<status status="PASS" start="2025-03-10T10:17:30.794541" elapsed="0.026447"/>
</kw>
<kw name="Wait Until Element Is Enabled" owner="SeleniumLibrary">
<arg>${PREFERENCIAS_NAVEGACAO}</arg>
<arg>timeout=10s</arg>
<doc>Waits until the element ``locator`` is enabled.</doc>
<status status="PASS" start="2025-03-10T10:17:30.821232" elapsed="0.023821"/>
</kw>
<kw name="Click Element" owner="SeleniumLibrary">
<msg time="2025-03-10T10:17:30.845642" level="INFO">Clicking element 'xpath=//*[@id="preferenciasNavegacao"]'.</msg>
<arg>${PREFERENCIAS_NAVEGACAO}</arg>
<doc>Click the element identified by ``locator``.</doc>
<status status="PASS" start="2025-03-10T10:17:30.845321" elapsed="0.072801"/>
</kw>
<kw name="Sleep" owner="BuiltIn">
<msg time="2025-03-10T10:17:31.918946" level="INFO">Slept 1 second.</msg>
<arg>1s</arg>
<doc>Pauses the test executed for the given time.</doc>
<status status="PASS" start="2025-03-10T10:17:30.918487" elapsed="1.000721"/>
</kw>
<kw name="Input Text" owner="SeleniumLibrary">
<msg time="2025-03-10T10:17:31.919702" level="INFO">Typing text 'Bring Me The Horizon' into text field 'xpath=//*[@id="preferenciasNavegacao"]'.</msg>
<arg>${PREFERENCIAS_NAVEGACAO}</arg>
<arg>Bring Me The Horizon</arg>
<doc>Types the given ``text`` into the text field identified by ``locator``.</doc>
<status status="PASS" start="2025-03-10T10:17:31.919421" elapsed="0.063445"/>
</kw>
<kw name="Sleep" owner="BuiltIn">
<msg time="2025-03-10T10:17:32.984227" level="INFO">Slept 1 second.</msg>
<arg>1s</arg>
<doc>Pauses the test executed for the given time.</doc>
<status status="PASS" start="2025-03-10T10:17:31.983110" elapsed="1.001674"/>
</kw>
<kw name="Choose File" owner="SeleniumLibrary">
<msg time="2025-03-10T10:17:32.985469" level="INFO">Sending C:\Users\othavionogueira\Desktop\desafio\test\resources\foto_teste.jpg to browser.</msg>
<arg>${FOTO_PERFIL}</arg>
<arg>${EXECDIR}/test/resources/foto_teste.jpg</arg>
<doc>Inputs the ``file_path`` into the file input field ``locator``.</doc>
<status status="PASS" start="2025-03-10T10:17:32.985142" elapsed="0.033926"/>
</kw>
<kw name="Sleep" owner="BuiltIn">
<msg time="2025-03-10T10:17:34.020916" level="INFO">Slept 1 second.</msg>
<arg>1s</arg>
<doc>Pauses the test executed for the given time.</doc>
<status status="PASS" start="2025-03-10T10:17:33.019360" elapsed="1.001962"/>
</kw>
<status status="PASS" start="2025-03-10T10:17:28.444371" elapsed="5.577264"/>
</kw>
<kw name="Quando submete o formulário">
<kw name="Click Element" owner="SeleniumLibrary">
<msg time="2025-03-10T10:17:34.024264" level="INFO">Clicking element 'xpath=/html/body/div[1]/form/div[9]/button[1]'.</msg>
<arg>${BOTAO_FINALIZAR}</arg>
<doc>Click the element identified by ``locator``.</doc>
<status status="PASS" start="2025-03-10T10:17:34.023675" elapsed="0.099691"/>
</kw>
<status status="PASS" start="2025-03-10T10:17:34.022925" elapsed="0.100631"/>
</kw>
<kw name="Então o sistema deve exibir a mensagem de erro">
<kw name="Wait Until Element Is Visible" owner="SeleniumLibrary">
<msg time="2025-03-10T10:17:44.381958" level="INFO" html="true">&lt;/td&gt;&lt;/tr&gt;&lt;tr&gt;&lt;td colspan="3"&gt;&lt;a href="selenium-screenshot-3.png"&gt;&lt;img src="selenium-screenshot-3.png" width="800px"&gt;&lt;/a&gt;</msg>
<msg time="2025-03-10T10:17:44.382242" level="FAIL">Element 'xpath=//div[contains(text(),'Erro')]' not visible after 10 seconds.</msg>
<arg>${MENSAGEM_ERRO}</arg>
<arg>timeout=10s</arg>
<doc>Waits until the element ``locator`` is visible.</doc>
<status status="FAIL" start="2025-03-10T10:17:34.124829" elapsed="10.260357">Element 'xpath=//div[contains(text(),'Erro')]' not visible after 10 seconds.</status>
</kw>
<kw name="Element Should Contain" owner="SeleniumLibrary">
<arg>${MENSAGEM_ERRO}</arg>
<arg>"Você precisa aceitar os termos para prosseguir"</arg>
<doc>Verifies that element ``locator`` contains text ``expected``.</doc>
<status status="NOT RUN" start="2025-03-10T10:17:44.385488" elapsed="0.000145"/>
</kw>
<status status="FAIL" start="2025-03-10T10:17:34.124340" elapsed="10.261481">Element 'xpath=//div[contains(text(),'Erro')]' not visible after 10 seconds.</status>
</kw>
<status status="FAIL" start="2025-03-10T10:17:26.412746" elapsed="17.973731">Element 'xpath=//div[contains(text(),'Erro')]' not visible after 10 seconds.</status>
</test>
<status status="FAIL" start="2025-03-10T10:17:26.135833" elapsed="18.252103"/>
</suite>
<statistics>
<total>
<stat pass="0" fail="1" skip="0">All Tests</stat>
</total>
<tag>
</tag>
<suite>
<stat name="Cadastro Sem Termos" id="s1" pass="0" fail="1" skip="0">Cadastro Sem Termos</stat>
</suite>
</statistics>
<errors>
</errors>
</robot>
